<?xml version="1.0" encoding="UTF-8"?>
<!-- Generated by org.testng.reporters.JUnitXMLReporter -->
<testsuite hostname="fred1st" name="Test" tests="3" failures="0" timestamp="15 Nov 2017 02:12:47 GMT" time="132.519" errors="0">
  <testcase name="plus" time="2.909" classname="com.appium.testDemo.NewAPPTest"/>
  <testcase name="testSignIn" time="13.07" classname="com.appium.testDemo.TestHgoSignIn"/>
  <testcase name="testApi3" time="16.904" classname="com.appium.testDemo.TestAppiumApi"/>
</testsuite> <!-- Test -->
